INFO: [VRFC 10-2263] Analyzing Verilog file "C:/Users/anjan/udp_stack/udp_stack.srcs/sources_1/new/IP_recv.v" into library xil_defaultlib
INFO: [VRFC 10-311] analyzing module IP_recv
INFO: [VRFC 10-2263] Analyzing Verilog file "C:/Users/anjan/udp_stack/udp_stack.srcs/sources_1/new/IP_send.v" into library xil_defaultlib
INFO: [VRFC 10-311] analyzing module IP_send
INFO: [VRFC 10-2263] Analyzing Verilog file "C:/Users/anjan/udp_stack/udp_stack.srcs/sources_1/new/arp_rcv.v" into library xil_defaultlib
INFO: [VRFC 10-311] analyzing module arp_rcv
INFO: [VRFC 10-2263] Analyzing Verilog file "C:/Users/anjan/udp_stack/udp_stack.srcs/sources_1/new/arp_send.v" into library xil_defaultlib
INFO: [VRFC 10-311] analyzing module arp_send
INFO: [VRFC 10-2263] Analyzing Verilog file "C:/Users/anjan/udp_stack/udp_stack.srcs/sources_1/new/mac_cache.v" into library xil_defaultlib
INFO: [VRFC 10-311] analyzing module mac_cache
INFO: [VRFC 10-2263] Analyzing Verilog file "C:/Users/anjan/udp_stack/udp_stack.srcs/sources_1/new/recv_buffer.v" into library xil_defaultlib
INFO: [VRFC 10-311] analyzing module recv_buffer
INFO: [VRFC 10-2263] Analyzing Verilog file "C:/Users/anjan/udp_stack/udp_stack.srcs/sources_1/new/send_buffer.v" into library xil_defaultlib
INFO: [VRFC 10-311] analyzing module send_buffer
INFO: [VRFC 10-2263] Analyzing Verilog file "C:/Users/anjan/udp_stack/udp_stack.srcs/sources_1/new/udp_rcv.v" into library xil_defaultlib
INFO: [VRFC 10-311] analyzing module udp_rcv
INFO: [VRFC 10-2263] Analyzing Verilog file "C:/Users/anjan/udp_stack/udp_stack.srcs/sources_1/new/udp_send.v" into library xil_defaultlib
INFO: [VRFC 10-311] analyzing module udp_send
INFO: [VRFC 10-2263] Analyzing Verilog file "C:/Users/anjan/udp_stack/udp_stack.srcs/sources_1/new/toplevel.v" into library xil_defaultlib
INFO: [VRFC 10-311] analyzing module toplevel
INFO: [VRFC 10-2263] Analyzing Verilog file "C:/Users/anjan/udp_stack/udp_stack.sim/sim_1/behav/xsim/glbl.v" into library xil_defaultlib
INFO: [VRFC 10-311] analyzing module glbl
