Vivado Simulator 2019.2
Copyright 1986-1999, 2001-2019 Xilinx, Inc. All Rights Reserved.
Running: C:/Xilinx/Vivado/2019.2/bin/unwrapped/win64.o/xelab.exe -wto e496be6029784b8da811510eced52c47 --incr --debug typical --relax --mt 2 -L xil_defaultlib -L unisims_ver -L unimacro_ver -L secureip -L xpm --snapshot toplevel_behav xil_defaultlib.toplevel xil_defaultlib.glbl -log elaborate.log 
Using 2 slave threads.
Starting static elaboration
Pass Through NonSizing Optimizer
Completed static elaboration
Starting simulation data flow analysis
WARNING: [XSIM 43-4100] "C:/Users/anjan/udp_stack/udp_stack.sim/sim_1/behav/xsim/glbl.v" Line 6. Module glbl has a timescale but at least one module in design doesn't have timescale.
Completed simulation data flow analysis
Time Resolution for simulation is 1ps
Compiling module xil_defaultlib.udp_rcv
Compiling module xil_defaultlib.udp_send
Compiling module xil_defaultlib.recv_buffer
Compiling module xil_defaultlib.arp_rcv
Compiling module xil_defaultlib.IP_recv
Compiling module xil_defaultlib.mac_cache
Compiling module xil_defaultlib.IP_send
Compiling module xil_defaultlib.arp_send
Compiling module xil_defaultlib.send_buffer
Compiling module xil_defaultlib.toplevel
Compiling module xil_defaultlib.glbl
Built simulation snapshot toplevel_behav
