#-----------------------------------------------------------
# Vivado v2019.2 (64-bit)
# SW Build 2708876 on Wed Nov  6 21:40:23 MST 2019
# IP Build 2700528 on Thu Nov  7 00:09:20 MST 2019
# Start of session at: Thu Jun 17 12:43:18 2021
# Process ID: 1860
# Current directory: C:/Users/anjan/udp_stack
# Command line: vivado.exe -gui_launcher_event rodinguilauncherevent11204 C:\Users\anjan\udp_stack\udp_stack.xpr
# Log file: C:/Users/anjan/udp_stack/vivado.log
# Journal file: C:/Users/anjan/udp_stack\vivado.jou
#-----------------------------------------------------------
start_gui
open_project C:/Users/anjan/udp_stack/udp_stack.xpr
Scanning sources...
Finished scanning sources
INFO: [IP_Flow 19-234] Refreshing IP repositories
INFO: [IP_Flow 19-1704] No user IP repositories specified
INFO: [IP_Flow 19-2313] Loaded Vivado IP repository 'C:/Xilinx/Vivado/2019.2/data/ip'.
open_project: Time (s): cpu = 00:00:29 ; elapsed = 00:01:07 . Memory (MB): peak = 862.184 ; gain = 244.363
update_compile_order -fileset sources_1
exit
INFO: [Common 17-206] Exiting Vivado at Thu Jun 17 13:07:53 2021...
